{
  "stats": {
    "suites": 1,
    "tests": 1,
    "passes": 1,
    "pending": 0,
    "failures": 0,
    "start": "2021-06-30T21:41:27.705Z",
    "end": "2021-06-30T21:41:43.845Z",
    "duration": 16140,
    "testsRegistered": 1,
    "passPercent": 100,
    "pendingPercent": 0,
    "other": 0,
    "hasOther": false,
    "skipped": 0,
    "hasSkipped": false
  },
  "results": [
    {
      "uuid": "77a10686-4753-4b3e-92cd-c5a62951c5f0",
      "title": "",
      "fullFile": "",
      "file": "",
      "beforeHooks": [],
      "afterHooks": [],
      "tests": [],
      "suites": [
        {
          "uuid": "6b3b1a54-61ba-4759-9423-af1aebdc8a7f",
          "title": "Students",
          "fullFile": "C:\\qazando\\steps\\students_test.js",
          "file": "\\steps\\students_test.js",
          "beforeHooks": [
            {
              "title": "\"before all\" hook: codeceptjs.beforeSuite in \"Students\"",
              "fullTitle": "Students \"before all\" hook: codeceptjs.beforeSuite in \"Students\"",
              "timedOut": false,
              "duration": 0,
              "state": null,
              "speed": null,
              "pass": false,
              "fail": false,
              "pending": false,
              "context": null,
              "code": "scenario.suiteSetup(suite)",
              "err": {},
              "uuid": "2b1d3b97-1433-4b86-abe6-8bd60a9f2118",
              "parentUUID": "6b3b1a54-61ba-4759-9423-af1aebdc8a7f",
              "isHook": true,
              "skipped": false
            },
            {
              "title": "\"before each\" hook: codeceptjs.before in \"Students\"",
              "fullTitle": "Students \"before each\" hook: codeceptjs.before in \"Students\"",
              "timedOut": false,
              "duration": 6825,
              "state": null,
              "speed": null,
              "pass": false,
              "fail": false,
              "pending": false,
              "context": null,
              "code": "scenario.setup(suite)",
              "err": {},
              "uuid": "d297af8d-89ad-4ed2-8261-1afd5df3c149",
              "parentUUID": "6b3b1a54-61ba-4759-9423-af1aebdc8a7f",
              "isHook": true,
              "skipped": false
            }
          ],
          "afterHooks": [
            {
              "title": "\"after all\" hook: codeceptjs.afterSuite in \"Students\"",
              "fullTitle": "Students \"after all\" hook: codeceptjs.afterSuite in \"Students\"",
              "timedOut": false,
              "duration": 0,
              "state": null,
              "speed": null,
              "pass": false,
              "fail": false,
              "pending": false,
              "context": null,
              "code": "scenario.suiteTeardown(suite)",
              "err": {},
              "uuid": "25ff8312-8821-4d00-9615-4eb481082cfd",
              "parentUUID": "6b3b1a54-61ba-4759-9423-af1aebdc8a7f",
              "isHook": true,
              "skipped": false
            },
            {
              "title": "\"after each\" hook: finalize codeceptjs in \"Students\"",
              "fullTitle": "Students \"after each\" hook: finalize codeceptjs in \"Students\"",
              "timedOut": false,
              "duration": 326,
              "state": null,
              "speed": null,
              "pass": false,
              "fail": false,
              "pending": false,
              "context": null,
              "code": "scenario.teardown(suite)",
              "err": {},
              "uuid": "5e1239d0-e420-43a2-a1c4-02fae8af9665",
              "parentUUID": "6b3b1a54-61ba-4759-9423-af1aebdc8a7f",
              "isHook": true,
              "skipped": false
            }
          ],
          "tests": [
            {
              "title": "Adicionar estudantes com sucesso",
              "fullTitle": "Students: Adicionar estudantes com sucesso",
              "timedOut": false,
              "duration": 8981,
              "state": "passed",
              "speed": "slow",
              "pass": true,
              "fail": false,
              "pending": false,
              "context": null,
              "code": "login_page.doLogin('teste@teste.com', '123456')\nhome_page.login_sucesso()\nI.fillField('~codigo', '76408',)\n\nI.fillField('~aluno', 'Deniker Pires')\nI.tap('~salvar')\nI.fillField('~search', 'Deniker',)\nI.waitForElement('~76408')",
              "err": {},
              "uuid": "0ef745a0-a327-4c92-9639-6a9ff7c2bae4",
              "parentUUID": "6b3b1a54-61ba-4759-9423-af1aebdc8a7f",
              "isHook": false,
              "skipped": false
            }
          ],
          "suites": [],
          "passes": [
            "0ef745a0-a327-4c92-9639-6a9ff7c2bae4"
          ],
          "failures": [],
          "pending": [],
          "skipped": [],
          "duration": 8981,
          "root": false,
          "rootEmpty": false,
          "_timeout": 0
        }
      ],
      "passes": [],
      "failures": [],
      "pending": [],
      "skipped": [],
      "duration": 0,
      "root": true,
      "rootEmpty": true,
      "_timeout": 0
    }
  ],
  "meta": {
    "mocha": {
      "version": "9.0.1"
    },
    "mochawesome": {
      "options": {
        "quiet": false,
        "reportFilename": "mochawesome",
        "saveHtml": true,
        "saveJson": true,
        "consoleReporter": "spec",
        "useInlineDiffs": false,
        "code": true
      },
      "version": "6.2.2"
    },
    "marge": {
      "options": {},
      "version": "5.2.0"
    }
  }
}